0 info it worked if it ends with ok
1 verbose cli [ '/Users/adam/.nvm/versions/node/v6.2.1/bin/node',
1 verbose cli   '/Users/adam/.nvm/versions/node/v6.2.1/bin/npm',
1 verbose cli   'run',
1 verbose cli   'styles:watch' ]
2 info using npm@3.9.3
3 info using node@v6.2.1
4 verbose run-script [ 'prestyles:watch', 'styles:watch', 'poststyles:watch' ]
5 info lifecycle cotd@0.0.1~prestyles:watch: cotd@0.0.1
6 silly lifecycle cotd@0.0.1~prestyles:watch: no script for prestyles:watch, continuing
7 info lifecycle cotd@0.0.1~styles:watch: cotd@0.0.1
8 verbose lifecycle cotd@0.0.1~styles:watch: unsafe-perm in lifecycle true
9 verbose lifecycle cotd@0.0.1~styles:watch: PATH: /Users/adam/.nvm/versions/node/v6.2.1/lib/node_modules/npm/bin/node-gyp-bin:/Users/adam/code/react/scribe-react/node_modules/.bin:/Users/adam/.nvm/versions/node/v6.2.1/bin:/Users/adam/.nvm/versions/node/v6.2.1/lib/node_modules/npm/bin/node-gyp-bin:/Users/adam/code/react/scribe-react/node_modules/.bin:/Users/adam/.nvm/versions/node/v6.2.1/bin:/Library/Frameworks/Python.framework/Versions/2.7/bin:/usr/local/heroku/bin:/Users/adam/.nvm/versions/node/v6.2.1/bin:/Users/adam/.rbenv/shims:/usr/local/bin:/usr/bin:/bin:/usr/sbin:/sbin:/Users/adam/Applications/:/Users/adam/Applications/Firefox.app/Contents/MacOS/
10 verbose lifecycle cotd@0.0.1~styles:watch: CWD: /Users/adam/code/react/scribe-react
11 silly lifecycle cotd@0.0.1~styles:watch: Args: [ '-c',
11 silly lifecycle   'npm run styles && node-sass src/ -o src/ --watch --recursive' ]
12 silly lifecycle cotd@0.0.1~styles:watch: Returned: code: 1  signal: null
13 info lifecycle cotd@0.0.1~styles:watch: Failed to exec styles:watch script
14 verbose stack Error: cotd@0.0.1 styles:watch: `npm run styles && node-sass src/ -o src/ --watch --recursive`
14 verbose stack Exit status 1
14 verbose stack     at EventEmitter.<anonymous> (/Users/adam/.nvm/versions/node/v6.2.1/lib/node_modules/npm/lib/utils/lifecycle.js:245:16)
14 verbose stack     at emitTwo (events.js:106:13)
14 verbose stack     at EventEmitter.emit (events.js:191:7)
14 verbose stack     at ChildProcess.<anonymous> (/Users/adam/.nvm/versions/node/v6.2.1/lib/node_modules/npm/lib/utils/spawn.js:24:14)
14 verbose stack     at emitTwo (events.js:106:13)
14 verbose stack     at ChildProcess.emit (events.js:191:7)
14 verbose stack     at maybeClose (internal/child_process.js:852:16)
14 verbose stack     at Process.ChildProcess._handle.onexit (internal/child_process.js:215:5)
15 verbose pkgid cotd@0.0.1
16 verbose cwd /Users/adam/code/react/scribe-react
17 error Darwin 15.6.0
18 error argv "/Users/adam/.nvm/versions/node/v6.2.1/bin/node" "/Users/adam/.nvm/versions/node/v6.2.1/bin/npm" "run" "styles:watch"
19 error node v6.2.1
20 error npm  v3.9.3
21 error code ELIFECYCLE
22 error cotd@0.0.1 styles:watch: `npm run styles && node-sass src/ -o src/ --watch --recursive`
22 error Exit status 1
23 error Failed at the cotd@0.0.1 styles:watch script 'npm run styles && node-sass src/ -o src/ --watch --recursive'.
23 error Make sure you have the latest version of node.js and npm installed.
23 error If you do, this is most likely a problem with the cotd package,
23 error not with npm itself.
23 error Tell the author that this fails on your system:
23 error     npm run styles && node-sass src/ -o src/ --watch --recursive
23 error You can get information on how to open an issue for this project with:
23 error     npm bugs cotd
23 error Or if that isn't available, you can get their info via:
23 error     npm owner ls cotd
23 error There is likely additional logging output above.
24 verbose exit [ 1, true ]
